[debug] [2020-07-14T05:18:41.781Z] ----------------------------------------------------------------------
[debug] [2020-07-14T05:18:41.785Z] Command:       C:\Users\riverus\DOWNLO~1\firebase-tools-instant-win.exe C:\Users\riverus\.cache\firebase\tools\lib\node_modules\firebase-tools\lib\bin\firebase init
[debug] [2020-07-14T05:18:41.785Z] CLI Version:   8.5.0
[debug] [2020-07-14T05:18:41.785Z] Platform:      win32
[debug] [2020-07-14T05:18:41.786Z] Node Version:  v12.18.1
[debug] [2020-07-14T05:18:41.788Z] Time:          Tue Jul 14 2020 10:48:41 GMT+0530 (India Standard Time)
[debug] [2020-07-14T05:18:41.788Z] ----------------------------------------------------------------------
[debug] [2020-07-14T05:18:41.788Z] 
[debug] [2020-07-14T05:18:41.801Z] > command requires scopes: ["email","openid","https://www.googleapis.com/auth/cloudplatformprojects.readonly","https://www.googleapis.com/auth/firebase","https://www.googleapis.com/auth/cloud-platform"]
[debug] [2020-07-14T05:18:41.802Z] > authorizing via signed-in user
[info] 
     ######## #### ########  ######## ########     ###     ######  ########
     ##        ##  ##     ## ##       ##     ##  ##   ##  ##       ##
     ######    ##  ########  ######   ########  #########  ######  ######
     ##        ##  ##    ##  ##       ##     ## ##     ##       ## ##
     ##       #### ##     ## ######## ########  ##     ##  ######  ########

You're about to initialize a Firebase project in this directory:

  C:\Users\riverus\Desktop\BareAnatomy\App\App

[info] 
=== Project Setup
[info] 
[info] First, let's associate this project directory with a Firebase project.
[info] You can create multiple project aliases by running firebase use --add, 
[info] but for now we'll just set up a default project.
[info] 
[debug] [2020-07-14T05:18:51.483Z] >>> HTTP REQUEST GET https://firebase.googleapis.com/v1beta1/projects?pageSize=100  
 
[debug] [2020-07-14T05:18:52.553Z] <<< HTTP RESPONSE 200 {"content-type":"application/json; charset=UTF-8","vary":"X-Origin, Referer, Origin,Accept-Encoding","date":"Tue, 14 Jul 2020 05:18:28 GMT","server":"ESF","cache-control":"private","x-xss-protection":"0","x-frame-options":"SAMEORIGIN","x-content-type-options":"nosniff","alt-svc":"h3-29=\":443\"; ma=2592000,h3-27=\":443\"; ma=2592000,h3-25=\":443\"; ma=2592000,h3-T050=\":443\"; ma=2592000,h3-Q050=\":443\"; ma=2592000,h3-Q046=\":443\"; ma=2592000,h3-Q043=\":443\"; ma=2592000,quic=\":443\"; ma=2592000; v=\"46,43\"","accept-ranges":"none","transfer-encoding":"chunked"}
[info] i  Using project bare-anatomy (bare-anatomy) 
[debug] [2020-07-14T05:19:12.865Z] Error: EBUSY: resource busy or locked, rename 'C:\Users\riverus\.config\configstore\firebase-tools.json.1866556162' -> 'C:\Users\riverus\.config\configstore\firebase-tools.json'
    at Object.renameSync (fs.js:734:3)
    at Function.writeFileSync [as sync] (C:\Users\riverus\.cache\firebase\tools\lib\node_modules\write-file-atomic\index.js:244:8)
    at Configstore.set all [as all] (C:\Users\riverus\.cache\firebase\tools\lib\node_modules\configstore\index.js:61:20)
    at Configstore.set (C:\Users\riverus\.cache\firebase\tools\lib\node_modules\configstore\index.js:91:12)
    at Object.makeActiveProject (C:\Users\riverus\.cache\firebase\tools\lib\node_modules\firebase-tools\lib\utils.js:147:31)
    at Object.<anonymous> (C:\Users\riverus\.cache\firebase\tools\lib\node_modules\firebase-tools\lib\init\features\project.js:114:15)
    at Generator.next (<anonymous>)
    at fulfilled (C:\Users\riverus\.cache\firebase\tools\lib\node_modules\firebase-tools\lib\init\features\project.js:5:58)
    at processTicksAndRejections (internal/process/task_queues.js:97:5)
[error] 
[error] Error: An unexpected error has occurred.
